<?xml version="1.0" encoding="UTF-8"?>
<!-- Generated by org.testng.reporters.JUnitReportReporter -->
<testsuite hostname="SRINI-LAPTOP" failures="0" tests="4" name="com.testRunners.TestRunner" time="69.686" errors="0" timestamp="18 Dec 2020 19:53:40 GMT" skipped="1">
  <testcase classname="com.testRunners.TestRunner" name="runScenario" time="16.571"/>
  <testcase classname="com.testRunners.TestRunner" name="runScenario" time="14.975"/>
  <testcase classname="com.testRunners.TestRunner" name="runScenario" time="25.758"/>
  <testcase classname="com.testRunners.TestRunner" name="runScenario" time="12.382">
    <skipped/>
  </testcase> <!-- runScenario -->
</testsuite> <!-- com.testRunners.TestRunner -->
